<?xml version="1.0" encoding="UTF-8"?>
<testsuite name="br.com.dbccompany.api.integration.palta.PaltaTest" tests="4" skipped="0" failures="1" errors="0" timestamp="2020-07-29T16:48:40" hostname="gleidson-accer" time="0.928">
  <properties/>
  <testcase name="createPaltaSuccess" classname="br.com.dbccompany.api.integration.palta.PaltaTest" time="0.803">
    <failure message="java.lang.AssertionError: 1 expectation failed.&#10;Expected status code &lt;201&gt; but was &lt;400&gt;.&#10;" type="java.lang.AssertionError">java.lang.AssertionError: 1 expectation failed.
Expected status code &lt;201&gt; but was &lt;400&gt;.

	at java.base/jdk.internal.reflect.NativeConstructorAccessorImpl.newInstance0(Native Method)
	at java.base/jdk.internal.reflect.NativeConstructorAccessorImpl.newInstance(NativeConstructorAccessorImpl.java:62)
	at java.base/jdk.internal.reflect.DelegatingConstructorAccessorImpl.newInstance(DelegatingConstructorAccessorImpl.java:45)
	at java.base/java.lang.reflect.Constructor.newInstance(Constructor.java:490)
	at org.codehaus.groovy.reflection.CachedConstructor.invoke(CachedConstructor.java:80)
	at org.codehaus.groovy.reflection.CachedConstructor.doConstructorInvoke(CachedConstructor.java:74)
	at org.codehaus.groovy.runtime.callsite.ConstructorSite$ConstructorSiteNoUnwrap.callConstructor(ConstructorSite.java:84)
	at org.codehaus.groovy.runtime.callsite.CallSiteArray.defaultCallConstructor(CallSiteArray.java:59)
	at org.codehaus.groovy.runtime.callsite.AbstractCallSite.callConstructor(AbstractCallSite.java:237)
	at org.codehaus.groovy.runtime.callsite.AbstractCallSite.callConstructor(AbstractCallSite.java:249)
	at io.restassured.internal.ResponseSpecificationImpl$HamcrestAssertionClosure.validate(ResponseSpecificationImpl.groovy:494)
	at io.restassured.internal.ResponseSpecificationImpl$HamcrestAssertionClosure$validate.call(Unknown Source)
	at org.codehaus.groovy.runtime.callsite.CallSiteArray.defaultCall(CallSiteArray.java:47)
	at org.codehaus.groovy.runtime.callsite.AbstractCallSite.call(AbstractCallSite.java:115)
	at org.codehaus.groovy.runtime.callsite.AbstractCallSite.call(AbstractCallSite.java:127)
	at io.restassured.internal.ResponseSpecificationImpl.validateResponseIfRequired(ResponseSpecificationImpl.groovy:656)
	at java.base/jdk.internal.reflect.NativeMethodAccessorImpl.invoke0(Native Method)
	at java.base/jdk.internal.reflect.NativeMethodAccessorImpl.invoke(NativeMethodAccessorImpl.java:62)
	at java.base/jdk.internal.reflect.DelegatingMethodAccessorImpl.invoke(DelegatingMethodAccessorImpl.java:43)
	at java.base/java.lang.reflect.Method.invoke(Method.java:566)
	at org.codehaus.groovy.runtime.callsite.PlainObjectMetaMethodSite.doInvoke(PlainObjectMetaMethodSite.java:43)
	at org.codehaus.groovy.runtime.callsite.PogoMetaMethodSite$PogoCachedMethodSiteNoUnwrapNoCoerce.invoke(PogoMetaMethodSite.java:190)
	at org.codehaus.groovy.runtime.callsite.PogoMetaMethodSite.callCurrent(PogoMetaMethodSite.java:58)
	at org.codehaus.groovy.runtime.callsite.CallSiteArray.defaultCallCurrent(CallSiteArray.java:51)
	at org.codehaus.groovy.runtime.callsite.AbstractCallSite.callCurrent(AbstractCallSite.java:156)
	at org.codehaus.groovy.runtime.callsite.AbstractCallSite.callCurrent(AbstractCallSite.java:168)
	at io.restassured.internal.ResponseSpecificationImpl.statusCode(ResponseSpecificationImpl.groovy:125)
	at io.restassured.specification.ResponseSpecification$statusCode$0.callCurrent(Unknown Source)
	at org.codehaus.groovy.runtime.callsite.CallSiteArray.defaultCallCurrent(CallSiteArray.java:51)
	at org.codehaus.groovy.runtime.callsite.AbstractCallSite.callCurrent(AbstractCallSite.java:156)
	at org.codehaus.groovy.runtime.callsite.AbstractCallSite.callCurrent(AbstractCallSite.java:168)
	at io.restassured.internal.ResponseSpecificationImpl.statusCode(ResponseSpecificationImpl.groovy:133)
	at io.restassured.internal.ValidatableResponseOptionsImpl.statusCode(ValidatableResponseOptionsImpl.java:119)
	at br.com.dbccompany.api.integration.palta.PaltaTest.createPaltaSuccess(PaltaTest.java:89)
	at java.base/jdk.internal.reflect.NativeMethodAccessorImpl.invoke0(Native Method)
	at java.base/jdk.internal.reflect.NativeMethodAccessorImpl.invoke(NativeMethodAccessorImpl.java:62)
	at java.base/jdk.internal.reflect.DelegatingMethodAccessorImpl.invoke(DelegatingMethodAccessorImpl.java:43)
	at java.base/java.lang.reflect.Method.invoke(Method.java:566)
	at org.junit.runners.model.FrameworkMethod$1.runReflectiveCall(FrameworkMethod.java:59)
	at org.junit.internal.runners.model.ReflectiveCallable.run(ReflectiveCallable.java:12)
	at org.junit.runners.model.FrameworkMethod.invokeExplosively(FrameworkMethod.java:56)
	at org.junit.internal.runners.statements.InvokeMethod.evaluate(InvokeMethod.java:17)
	at org.springframework.test.context.junit4.statements.RunBeforeTestExecutionCallbacks.evaluate(RunBeforeTestExecutionCallbacks.java:74)
	at org.springframework.test.context.junit4.statements.RunAfterTestExecutionCallbacks.evaluate(RunAfterTestExecutionCallbacks.java:84)
	at org.springframework.test.context.junit4.statements.RunBeforeTestMethodCallbacks.evaluate(RunBeforeTestMethodCallbacks.java:75)
	at org.springframework.test.context.junit4.statements.RunAfterTestMethodCallbacks.evaluate(RunAfterTestMethodCallbacks.java:86)
	at org.springframework.test.context.junit4.statements.SpringRepeat.evaluate(SpringRepeat.java:84)
	at org.junit.runners.ParentRunner.runLeaf(ParentRunner.java:366)
	at org.springframework.test.context.junit4.SpringJUnit4ClassRunner.runChild(SpringJUnit4ClassRunner.java:251)
	at org.springframework.test.context.junit4.SpringJUnit4ClassRunner.runChild(SpringJUnit4ClassRunner.java:97)
	at org.junit.runners.ParentRunner$4.run(ParentRunner.java:331)
	at org.junit.runners.ParentRunner$1.schedule(ParentRunner.java:79)
	at org.junit.runners.ParentRunner.runChildren(ParentRunner.java:329)
	at org.junit.runners.ParentRunner.access$100(ParentRunner.java:66)
	at org.junit.runners.ParentRunner$2.evaluate(ParentRunner.java:293)
	at org.springframework.test.context.junit4.statements.RunBeforeTestClassCallbacks.evaluate(RunBeforeTestClassCallbacks.java:61)
	at org.springframework.test.context.junit4.statements.RunAfterTestClassCallbacks.evaluate(RunAfterTestClassCallbacks.java:70)
	at org.junit.runners.ParentRunner$3.evaluate(ParentRunner.java:306)
	at org.junit.runners.ParentRunner.run(ParentRunner.java:413)
	at org.springframework.test.context.junit4.SpringJUnit4ClassRunner.run(SpringJUnit4ClassRunner.java:190)
	at org.junit.runner.JUnitCore.run(JUnitCore.java:137)
	at org.junit.runner.JUnitCore.run(JUnitCore.java:115)
	at org.junit.vintage.engine.execution.RunnerExecutor.execute(RunnerExecutor.java:43)
	at java.base/java.util.stream.ForEachOps$ForEachOp$OfRef.accept(ForEachOps.java:183)
	at java.base/java.util.stream.ReferencePipeline$3$1.accept(ReferencePipeline.java:195)
	at java.base/java.util.Iterator.forEachRemaining(Iterator.java:133)
	at java.base/java.util.Spliterators$IteratorSpliterator.forEachRemaining(Spliterators.java:1801)
	at java.base/java.util.stream.AbstractPipeline.copyInto(AbstractPipeline.java:484)
	at java.base/java.util.stream.AbstractPipeline.wrapAndCopyInto(AbstractPipeline.java:474)
	at java.base/java.util.stream.ForEachOps$ForEachOp.evaluateSequential(ForEachOps.java:150)
	at java.base/java.util.stream.ForEachOps$ForEachOp$OfRef.evaluateSequential(ForEachOps.java:173)
	at java.base/java.util.stream.AbstractPipeline.evaluate(AbstractPipeline.java:234)
	at java.base/java.util.stream.ReferencePipeline.forEach(ReferencePipeline.java:497)
	at org.junit.vintage.engine.VintageTestEngine.executeAllChildren(VintageTestEngine.java:82)
	at org.junit.vintage.engine.VintageTestEngine.execute(VintageTestEngine.java:73)
	at org.junit.platform.launcher.core.DefaultLauncher.execute(DefaultLauncher.java:248)
	at org.junit.platform.launcher.core.DefaultLauncher.lambda$execute$5(DefaultLauncher.java:211)
	at org.junit.platform.launcher.core.DefaultLauncher.withInterceptedStreams(DefaultLauncher.java:226)
	at org.junit.platform.launcher.core.DefaultLauncher.execute(DefaultLauncher.java:199)
	at org.junit.platform.launcher.core.DefaultLauncher.execute(DefaultLauncher.java:132)
	at org.gradle.api.internal.tasks.testing.junitplatform.JUnitPlatformTestClassProcessor$CollectAllTestClassesExecutor.processAllTestClasses(JUnitPlatformTestClassProcessor.java:99)
	at org.gradle.api.internal.tasks.testing.junitplatform.JUnitPlatformTestClassProcessor$CollectAllTestClassesExecutor.access$000(JUnitPlatformTestClassProcessor.java:79)
	at org.gradle.api.internal.tasks.testing.junitplatform.JUnitPlatformTestClassProcessor.stop(JUnitPlatformTestClassProcessor.java:75)
	at org.gradle.api.internal.tasks.testing.SuiteTestClassProcessor.stop(SuiteTestClassProcessor.java:61)
	at java.base/jdk.internal.reflect.NativeMethodAccessorImpl.invoke0(Native Method)
	at java.base/jdk.internal.reflect.NativeMethodAccessorImpl.invoke(NativeMethodAccessorImpl.java:62)
	at java.base/jdk.internal.reflect.DelegatingMethodAccessorImpl.invoke(DelegatingMethodAccessorImpl.java:43)
	at java.base/java.lang.reflect.Method.invoke(Method.java:566)
	at org.gradle.internal.dispatch.ReflectionDispatch.dispatch(ReflectionDispatch.java:36)
	at org.gradle.internal.dispatch.ReflectionDispatch.dispatch(ReflectionDispatch.java:24)
	at org.gradle.internal.dispatch.ContextClassLoaderDispatch.dispatch(ContextClassLoaderDispatch.java:33)
	at org.gradle.internal.dispatch.ProxyDispatchAdapter$DispatchingInvocationHandler.invoke(ProxyDispatchAdapter.java:94)
	at com.sun.proxy.$Proxy2.stop(Unknown Source)
	at org.gradle.api.internal.tasks.testing.worker.TestWorker.stop(TestWorker.java:133)
	at java.base/jdk.internal.reflect.NativeMethodAccessorImpl.invoke0(Native Method)
	at java.base/jdk.internal.reflect.NativeMethodAccessorImpl.invoke(NativeMethodAccessorImpl.java:62)
	at java.base/jdk.internal.reflect.DelegatingMethodAccessorImpl.invoke(DelegatingMethodAccessorImpl.java:43)
	at java.base/java.lang.reflect.Method.invoke(Method.java:566)
	at org.gradle.internal.dispatch.ReflectionDispatch.dispatch(ReflectionDispatch.java:36)
	at org.gradle.internal.dispatch.ReflectionDispatch.dispatch(ReflectionDispatch.java:24)
	at org.gradle.internal.remote.internal.hub.MessageHubBackedObjectConnection$DispatchWrapper.dispatch(MessageHubBackedObjectConnection.java:182)
	at org.gradle.internal.remote.internal.hub.MessageHubBackedObjectConnection$DispatchWrapper.dispatch(MessageHubBackedObjectConnection.java:164)
	at org.gradle.internal.remote.internal.hub.MessageHub$Handler.run(MessageHub.java:414)
	at org.gradle.internal.concurrent.ExecutorPolicy$CatchAndRecordFailures.onExecute(ExecutorPolicy.java:64)
	at org.gradle.internal.concurrent.ManagedExecutorImpl$1.run(ManagedExecutorImpl.java:48)
	at java.base/java.util.concurrent.ThreadPoolExecutor.runWorker(ThreadPoolExecutor.java:1128)
	at java.base/java.util.concurrent.ThreadPoolExecutor$Worker.run(ThreadPoolExecutor.java:628)
	at org.gradle.internal.concurrent.ThreadFactoryImpl$ManagedThreadRunnable.run(ThreadFactoryImpl.java:56)
	at java.base/java.lang.Thread.run(Thread.java:834)
</failure>
  </testcase>
  <testcase name="createPaltaValidateTitleFail" classname="br.com.dbccompany.api.integration.palta.PaltaTest" time="0.056"/>
  <testcase name="createPaltaValidateEmptyBodyFail" classname="br.com.dbccompany.api.integration.palta.PaltaTest" time="0.039"/>
  <testcase name="createPaltaValidateMediaTypeBodyFail" classname="br.com.dbccompany.api.integration.palta.PaltaTest" time="0.025"/>
  <system-out><![CDATA[13:48:26.047 [Test worker] DEBUG org.springframework.test.annotation.ProfileValueUtils - Retrieved @ProfileValueSourceConfiguration [null] for test class [br.com.dbccompany.api.integration.palta.PaltaTest]
13:48:26.047 [Test worker] DEBUG org.springframework.test.annotation.ProfileValueUtils - Retrieved ProfileValueSource type [class org.springframework.test.annotation.SystemProfileValueSource] for class [br.com.dbccompany.api.integration.palta.PaltaTest]
13:48:26.048 [Test worker] DEBUG org.springframework.test.annotation.ProfileValueUtils - Retrieved @ProfileValueSourceConfiguration [null] for test class [br.com.dbccompany.api.integration.palta.PaltaTest]
13:48:26.048 [Test worker] DEBUG org.springframework.test.annotation.ProfileValueUtils - Retrieved ProfileValueSource type [class org.springframework.test.annotation.SystemProfileValueSource] for class [br.com.dbccompany.api.integration.palta.PaltaTest]
13:48:26.053 [Test worker] DEBUG org.springframework.test.context.support.AbstractDirtiesContextTestExecutionListener - Before test class: context [DefaultTestContext@7537150 testClass = PaltaTest, testInstance = [null], testMethod = [null], testException = [null], mergedContextConfiguration = [WebMergedContextConfiguration@50e1df36 testClass = PaltaTest, locations = '{}', classes = '{class br.com.dbccompany.api.ApiApplication}', contextInitializerClasses = '[]', activeProfiles = '{test}', propertySourceLocations = '{}', propertySourceProperties = '{org.springframework.boot.test.context.SpringBootTestContextBootstrapper=true, server.port=0}', contextCustomizers = set[org.springframework.boot.test.autoconfigure.properties.PropertyMappingContextCustomizer@619b2a, org.springframework.boot.test.autoconfigure.web.servlet.WebDriverContextCustomizerFactory$Customizer@5f023537, [ImportsContextCustomizer@c04ad93 key = [org.springframework.cloud.contract.wiremock.WireMockConfiguration, org.springframework.cloud.contract.wiremock.WireMockRestTemplateConfiguration]], org.springframework.boot.test.context.filter.ExcludeFilterContextCustomizer@b7cffe3, org.springframework.boot.test.json.DuplicateJsonObjectContextCustomizerFactory$DuplicateJsonObjectContextCustomizer@77719bc1, org.springframework.boot.test.mock.mockito.MockitoContextCustomizer@0, org.springframework.boot.test.web.client.TestRestTemplateContextCustomizer@5d1bc309, org.springframework.boot.test.context.SpringBootTestArgs@1], resourceBasePath = 'src/main/webapp', contextLoader = 'org.springframework.boot.test.context.SpringBootContextLoader', parent = [null]], attributes = map['org.springframework.test.context.web.ServletTestExecutionListener.activateListener' -> false]], class annotated with @DirtiesContext [false] with mode [null].
13:48:26.071 [Test worker] DEBUG org.springframework.core.env.StandardEnvironment - Activating profiles [test]
13:48:26.075 [Test worker] DEBUG org.springframework.test.context.support.TestPropertySourceUtils - Adding inlined properties to environment: {spring.jmx.enabled=false, org.springframework.boot.test.context.SpringBootTestContextBootstrapper=true, server.port=0}

  .   ____          _            __ _ _
 /\\ / ___'_ __ _ _(_)_ __  __ _ \ \ \ \
( ( )\___ | '_ | '_| | '_ \/ _` | \ \ \ \
 \\/  ___)| |_)| | | | | || (_| |  ) ) ) )
  '  |____| .__|_| |_|_| |_\__, | / / / /
 =========|_|==============|___/=/_/_/_/
 :: Spring Boot ::        (v2.3.2.RELEASE)

?[30m2020-07-29 13:48:26,855?[0;39m ?[34mINFO ?[0;39m [?[34mTest worker?[0;39m] ?[33morg.springframework.boot.StartupInfoLogger?[0;39m: Starting PaltaTest on gleidson-accer with PID 15411 (started by gleidson in /home/gleidson/workspace/dbc-1/api)
?[30m2020-07-29 13:48:26,858?[0;39m ?[34mINFO ?[0;39m [?[34mTest worker?[0;39m] ?[33morg.springframework.boot.SpringApplication?[0;39m: The following profiles are active: test
?[30m2020-07-29 13:48:28,531?[0;39m ?[34mINFO ?[0;39m [?[34mTest worker?[0;39m] ?[33morg.springframework.data.repository.config.RepositoryConfigurationDelegate?[0;39m: Multiple Spring Data modules found, entering strict repository configuration mode!
?[30m2020-07-29 13:48:28,533?[0;39m ?[34mINFO ?[0;39m [?[34mTest worker?[0;39m] ?[33morg.springframework.data.repository.config.RepositoryConfigurationDelegate?[0;39m: Bootstrapping Spring Data JDBC repositories in DEFAULT mode.
?[30m2020-07-29 13:48:28,572?[0;39m ?[34mINFO ?[0;39m [?[34mTest worker?[0;39m] ?[33morg.springframework.data.repository.config.RepositoryConfigurationExtensionSupport?[0;39m: Spring Data JDBC - Could not safely identify store assignment for repository candidate interface br.com.dbccompany.core.repository.PaltaRepository. If you want this repository to be a JDBC repository, consider annotating your entities with one of these annotations: org.springframework.data.relational.core.mapping.Table.
?[30m2020-07-29 13:48:28,579?[0;39m ?[34mINFO ?[0;39m [?[34mTest worker?[0;39m] ?[33morg.springframework.data.repository.config.RepositoryConfigurationDelegate?[0;39m: Finished Spring Data repository scanning in 39ms. Found 0 JDBC repository interfaces.
?[30m2020-07-29 13:48:28,593?[0;39m ?[34mINFO ?[0;39m [?[34mTest worker?[0;39m] ?[33morg.springframework.data.repository.config.RepositoryConfigurationDelegate?[0;39m: Multiple Spring Data modules found, entering strict repository configuration mode!
?[30m2020-07-29 13:48:28,595?[0;39m ?[34mINFO ?[0;39m [?[34mTest worker?[0;39m] ?[33morg.springframework.data.repository.config.RepositoryConfigurationDelegate?[0;39m: Bootstrapping Spring Data JPA repositories in DEFERRED mode.
?[30m2020-07-29 13:48:28,631?[0;39m ?[34mINFO ?[0;39m [?[34mTest worker?[0;39m] ?[33morg.springframework.data.repository.config.RepositoryConfigurationDelegate?[0;39m: Finished Spring Data repository scanning in 32ms. Found 1 JPA repository interfaces.
?[30m2020-07-29 13:48:30,065?[0;39m ?[34mINFO ?[0;39m [?[34mTest worker?[0;39m] ?[33morg.springframework.boot.web.embedded.tomcat.TomcatWebServer?[0;39m: Tomcat initialized with port(s): 0 (http)
?[30m2020-07-29 13:48:30,083?[0;39m ?[34mINFO ?[0;39m [?[34mTest worker?[0;39m] ?[33morg.apache.juli.logging.DirectJDKLog?[0;39m: Initializing ProtocolHandler ["http-nio-auto-1"]
?[30m2020-07-29 13:48:30,085?[0;39m ?[34mINFO ?[0;39m [?[34mTest worker?[0;39m] ?[33morg.apache.juli.logging.DirectJDKLog?[0;39m: Starting service [Tomcat]
?[30m2020-07-29 13:48:30,086?[0;39m ?[34mINFO ?[0;39m [?[34mTest worker?[0;39m] ?[33morg.apache.juli.logging.DirectJDKLog?[0;39m: Starting Servlet engine: [Apache Tomcat/9.0.37]
?[30m2020-07-29 13:48:30,249?[0;39m ?[34mINFO ?[0;39m [?[34mTest worker?[0;39m] ?[33morg.apache.juli.logging.DirectJDKLog?[0;39m: Initializing Spring embedded WebApplicationContext
?[30m2020-07-29 13:48:30,250?[0;39m ?[34mINFO ?[0;39m [?[34mTest worker?[0;39m] ?[33morg.springframework.boot.web.servlet.context.ServletWebServerApplicationContext?[0;39m: Root WebApplicationContext: initialization completed in 3015 ms
?[30m2020-07-29 13:48:30,791?[0;39m ?[34mINFO ?[0;39m [?[34mTest worker?[0;39m] ?[33morg.flywaydb.core.internal.logging.slf4j.Slf4jLog?[0;39m: Flyway Community Edition 6.4.4 by Redgate
?[30m2020-07-29 13:48:30,798?[0;39m ?[34mINFO ?[0;39m [?[34mTest worker?[0;39m] ?[33mcom.zaxxer.hikari.HikariDataSource?[0;39m: HikariPool-1 - Starting...
?[30m2020-07-29 13:48:31,005?[0;39m ?[34mINFO ?[0;39m [?[34mTest worker?[0;39m] ?[33mcom.zaxxer.hikari.HikariDataSource?[0;39m: HikariPool-1 - Start completed.
?[30m2020-07-29 13:48:31,038?[0;39m ?[34mINFO ?[0;39m [?[34mTest worker?[0;39m] ?[33morg.flywaydb.core.internal.logging.slf4j.Slf4jLog?[0;39m: Database: jdbc:h2:mem:testdb (H2 1.4)
?[30m2020-07-29 13:48:31,122?[0;39m ?[34mINFO ?[0;39m [?[34mTest worker?[0;39m] ?[33morg.flywaydb.core.internal.logging.slf4j.Slf4jLog?[0;39m: Successfully validated 1 migration (execution time 00:00.027s)
?[30m2020-07-29 13:48:31,141?[0;39m ?[34mINFO ?[0;39m [?[34mTest worker?[0;39m] ?[33morg.flywaydb.core.internal.logging.slf4j.Slf4jLog?[0;39m: Creating Schema History table "PUBLIC"."flyway_schema_history" ...
?[30m2020-07-29 13:48:31,203?[0;39m ?[34mINFO ?[0;39m [?[34mTest worker?[0;39m] ?[33morg.flywaydb.core.internal.logging.slf4j.Slf4jLog?[0;39m: Current version of schema "PUBLIC": << Empty Schema >>
?[30m2020-07-29 13:48:31,210?[0;39m ?[34mINFO ?[0;39m [?[34mTest worker?[0;39m] ?[33morg.flywaydb.core.internal.logging.slf4j.Slf4jLog?[0;39m: Migrating schema "PUBLIC" to version 1 - create-table-palta
?[30m2020-07-29 13:48:31,250?[0;39m ?[34mINFO ?[0;39m [?[34mTest worker?[0;39m] ?[33morg.flywaydb.core.internal.logging.slf4j.Slf4jLog?[0;39m: Successfully applied 1 migration to schema "PUBLIC" (execution time 00:00.059s)
?[30m2020-07-29 13:48:31,380?[0;39m ?[34mINFO ?[0;39m [?[34mTest worker?[0;39m] ?[33morg.springframework.scheduling.concurrent.ExecutorConfigurationSupport?[0;39m: Initializing ExecutorService 'applicationTaskExecutor'
?[30m2020-07-29 13:48:31,447?[0;39m ?[34mINFO ?[0;39m [?[34mtask-1?[0;39m] ?[33morg.hibernate.jpa.internal.util.LogHelper?[0;39m: HHH000204: Processing PersistenceUnitInfo [name: default]
?[30m2020-07-29 13:48:31,546?[0;39m ?[34mINFO ?[0;39m [?[34mtask-1?[0;39m] ?[33morg.hibernate.Version?[0;39m: HHH000412: Hibernate ORM core version 5.4.18.Final
?[30m2020-07-29 13:48:32,035?[0;39m ?[34mINFO ?[0;39m [?[34mtask-1?[0;39m] ?[33morg.hibernate.annotations.common.reflection.java.JavaReflectionManager?[0;39m: HCANN000001: Hibernate Commons Annotations {5.1.0.Final}
?[30m2020-07-29 13:48:32,244?[0;39m ?[34mINFO ?[0;39m [?[34mtask-1?[0;39m] ?[33morg.hibernate.dialect.Dialect?[0;39m: HHH000400: Using dialect: org.hibernate.dialect.PostgreSQL9Dialect
?[30m2020-07-29 13:48:34,152?[0;39m ?[34mINFO ?[0;39m [?[34mtask-1?[0;39m] ?[33morg.hibernate.engine.transaction.jta.platform.internal.JtaPlatformInitiator?[0;39m: HHH000490: Using JtaPlatform implementation: [org.hibernate.engine.transaction.jta.platform.internal.NoJtaPlatform]
?[30m2020-07-29 13:48:34,184?[0;39m ?[34mINFO ?[0;39m [?[34mtask-1?[0;39m] ?[33morg.springframework.orm.jpa.AbstractEntityManagerFactoryBean?[0;39m: Initialized JPA EntityManagerFactory for persistence unit 'default'
?[30m2020-07-29 13:48:35,257?[0;39m ?[34mINFO ?[0;39m [?[34mTest worker?[0;39m] ?[33mwiremock.org.eclipse.jetty.util.log.Log?[0;39m: Logging initialized @10509ms
?[30m2020-07-29 13:48:40,221?[0;39m ?[34mINFO ?[0;39m [?[34mTest worker?[0;39m] ?[33morg.springframework.boot.actuate.endpoint.web.EndpointLinksResolver?[0;39m: Exposing 2 endpoint(s) beneath base path '/actuator'
?[30m2020-07-29 13:48:40,464?[0;39m ?[34mINFO ?[0;39m [?[34mTest worker?[0;39m] ?[33mwiremock.org.eclipse.jetty.server.Server?[0;39m: jetty-9.2.z-SNAPSHOT
?[30m2020-07-29 13:48:40,520?[0;39m ?[34mINFO ?[0;39m [?[34mTest worker?[0;39m] ?[33mwiremock.org.eclipse.jetty.server.handler.ContextHandler?[0;39m: Started w.o.e.j.s.ServletContextHandler@3fa27ec0{/__admin,null,AVAILABLE}
?[30m2020-07-29 13:48:40,525?[0;39m ?[34mINFO ?[0;39m [?[34mTest worker?[0;39m] ?[33mwiremock.org.eclipse.jetty.server.handler.ContextHandler?[0;39m: Started w.o.e.j.s.ServletContextHandler@67302ed5{/,null,AVAILABLE}
?[30m2020-07-29 13:48:40,549?[0;39m ?[34mINFO ?[0;39m [?[34mTest worker?[0;39m] ?[33mwiremock.org.eclipse.jetty.server.AbstractConnector?[0;39m: Started NetworkTrafficServerConnector@32e2c6a1{HTTP/1.1}{0.0.0.0:10575}
?[30m2020-07-29 13:48:40,553?[0;39m ?[34mINFO ?[0;39m [?[34mTest worker?[0;39m] ?[33mwiremock.org.eclipse.jetty.server.Server?[0;39m: Started @15804ms
?[30m2020-07-29 13:48:40,560?[0;39m ?[34mINFO ?[0;39m [?[34mTest worker?[0;39m] ?[33morg.apache.juli.logging.DirectJDKLog?[0;39m: Starting ProtocolHandler ["http-nio-auto-1"]
?[30m2020-07-29 13:48:40,605?[0;39m ?[34mINFO ?[0;39m [?[34mTest worker?[0;39m] ?[33morg.springframework.boot.web.embedded.tomcat.TomcatWebServer?[0;39m: Tomcat started on port(s): 37965 (http) with context path ''
?[30m2020-07-29 13:48:40,610?[0;39m ?[34mINFO ?[0;39m [?[34mTest worker?[0;39m] ?[33morg.springframework.data.repository.config.DeferredRepositoryInitializationListener?[0;39m: Triggering deferred initialization of Spring Data repositoriesâ€¦
?[30m2020-07-29 13:48:40,696?[0;39m ?[34mINFO ?[0;39m [?[34mTest worker?[0;39m] ?[33morg.springframework.data.repository.config.DeferredRepositoryInitializationListener?[0;39m: Spring Data repositories initialized!
?[30m2020-07-29 13:48:40,726?[0;39m ?[34mINFO ?[0;39m [?[34mTest worker?[0;39m] ?[33morg.springframework.boot.StartupInfoLogger?[0;39m: Started PaltaTest in 14.647 seconds (JVM running for 15.977)
?[30m2020-07-29 13:48:41,146?[0;39m ?[34mINFO ?[0;39m [?[34mTest worker?[0;39m] ?[33morg.apache.juli.logging.DirectJDKLog?[0;39m: Initializing Spring TestDispatcherServlet ''
?[30m2020-07-29 13:48:41,147?[0;39m ?[34mINFO ?[0;39m [?[34mTest worker?[0;39m] ?[33morg.springframework.web.servlet.FrameworkServlet?[0;39m: Initializing Servlet ''
?[30m2020-07-29 13:48:41,160?[0;39m ?[34mINFO ?[0;39m [?[34mTest worker?[0;39m] ?[33morg.springframework.web.servlet.FrameworkServlet?[0;39m: Completed initialization in 13 ms
?[30m2020-07-29 13:48:41,293?[0;39m ?[34mINFO ?[0;39m [?[34mTest worker?[0;39m] ?[33mbr.com.dbccompany.api.app.RestResponseEntityExceptionHandler?[0;39m: I=validation error, message=create.request.title: this field cannot be empty 
{
    "errors": [
        {
            "message": "this field cannot be empty  [title]",
            "httpStatus": 400,
            "error": "ConstraintViolationException",
            "path": "/paltas",
            "timestamp": "2020-07-29T13:48:41.304807"
        }
    ]
}
?[30m2020-07-29 13:48:41,612?[0;39m ?[34mINFO ?[0;39m [?[34mTest worker?[0;39m] ?[33morg.apache.juli.logging.DirectJDKLog?[0;39m: Initializing Spring TestDispatcherServlet ''
?[30m2020-07-29 13:48:41,612?[0;39m ?[34mINFO ?[0;39m [?[34mTest worker?[0;39m] ?[33morg.springframework.web.servlet.FrameworkServlet?[0;39m: Initializing Servlet ''
?[30m2020-07-29 13:48:41,615?[0;39m ?[34mINFO ?[0;39m [?[34mTest worker?[0;39m] ?[33morg.springframework.web.servlet.FrameworkServlet?[0;39m: Completed initialization in 3 ms
?[30m2020-07-29 13:48:41,645?[0;39m ?[34mINFO ?[0;39m [?[34mTest worker?[0;39m] ?[33mbr.com.dbccompany.api.app.RestResponseEntityExceptionHandler?[0;39m: I=validation error, message=create.request.title: this field cannot be empty 
{
    "errors": [
        {
            "message": "this field cannot be empty  [title]",
            "httpStatus": 400,
            "error": "ConstraintViolationException",
            "path": "/paltas",
            "timestamp": "2020-07-29T13:48:41.646894"
        }
    ]
}
?[30m2020-07-29 13:48:41,663?[0;39m ?[34mINFO ?[0;39m [?[34mTest worker?[0;39m] ?[33morg.apache.juli.logging.DirectJDKLog?[0;39m: Initializing Spring TestDispatcherServlet ''
?[30m2020-07-29 13:48:41,664?[0;39m ?[34mINFO ?[0;39m [?[34mTest worker?[0;39m] ?[33morg.springframework.web.servlet.FrameworkServlet?[0;39m: Initializing Servlet ''
?[30m2020-07-29 13:48:41,668?[0;39m ?[34mINFO ?[0;39m [?[34mTest worker?[0;39m] ?[33morg.springframework.web.servlet.FrameworkServlet?[0;39m: Completed initialization in 2 ms

?[30m2020-07-29 13:48:41,706?[0;39m ?[34mINFO ?[0;39m [?[34mTest worker?[0;39m] ?[33morg.apache.juli.logging.DirectJDKLog?[0;39m: Initializing Spring TestDispatcherServlet ''
?[30m2020-07-29 13:48:41,707?[0;39m ?[34mINFO ?[0;39m [?[34mTest worker?[0;39m] ?[33morg.springframework.web.servlet.FrameworkServlet?[0;39m: Initializing Servlet ''
?[30m2020-07-29 13:48:41,709?[0;39m ?[34mINFO ?[0;39m [?[34mTest worker?[0;39m] ?[33morg.springframework.web.servlet.FrameworkServlet?[0;39m: Completed initialization in 2 ms

]]></system-out>
  <system-err><![CDATA[]]></system-err>
</testsuite>
